# JRE version: Java(TM) SE Runtime Environment (21.0.5+9) (build 21.0.5+9-LTS-239)
# Java VM: Java HotSpot(TM) 64-Bit Server VM (21.0.5+9-LTS-239, mixed mode, emulated-client, sharing, tiered, compressed oops, compressed class ptrs, g1 gc, windows-amd64)
GC Precious Log:
 CardTable entry size: 512
 Card Set container configuration: InlinePtr #cards 4 size 8 Array Of Cards #cards 16 size 48 Howl #buckets 8 coarsen threshold 3686 Howl Bitmap #cards 512 size 80 coarsen threshold 460 Card regions per heap region 1 cards per card region 4096
 CPUs: 12 total, 12 available
 Memory: 16220M
 Large Page Support: Disabled
 NUMA Support: Disabled
 Compressed Oops: Enabled (Zero based)
 Heap Region Size: 2M
 Heap Min Capacity: 8M
 Heap Initial Capacity: 254M
 Heap Max Capacity: 4056M
 Pre-touch: Disabled
 Parallel Workers: 10
 Concurrent Workers: 3
 Concurrent Refinement Workers: 10
 Periodic GC: Disabled
Heap:
 garbage-first heap   total 90112K, used 64950K [0x0000000702800000, 0x0000000800000000)
  region size 2048K, 20 young (40960K), 2 survivors (4096K)
 Metaspace       used 73308K, committed 74048K, reserved 1114112K
  class space    used 9932K, committed 10240K, reserved 1048576K
GC Heap History (20 events):
Event: 474.488 GC heap before
{Heap before GC invocations=28 (full 5):
 garbage-first heap   total 90112K, used 73810K [0x0000000702800000, 0x0000000800000000)
  region size 2048K, 25 young (51200K), 0 survivors (0K)
 Metaspace       used 69099K, committed 69760K, reserved 1114112K
  class space    used 9391K, committed 9664K, reserved 1048576K
}
Event: 474.490 GC heap after
{Heap after GC invocations=29 (full 5):
 garbage-first heap   total 90112K, used 29088K [0x0000000702800000, 0x0000000800000000)
  region size 2048K, 3 young (6144K), 3 survivors (6144K)
 Metaspace       used 69099K, committed 69760K, reserved 1114112K
  class space    used 9391K, committed 9664K, reserved 1048576K
}
Event: 486.500 GC heap before
{Heap before GC invocations=29 (full 5):
 garbage-first heap   total 90112K, used 72096K [0x0000000702800000, 0x0000000800000000)
  region size 2048K, 25 young (51200K), 3 survivors (6144K)
 Metaspace       used 71873K, committed 72512K, reserved 1114112K
  class space    used 9781K, committed 10048K, reserved 1048576K
}
Event: 486.503 GC heap after
{Heap after GC invocations=30 (full 5):
 garbage-first heap   total 90112K, used 31165K [0x0000000702800000, 0x0000000800000000)
  region size 2048K, 4 young (8192K), 4 survivors (8192K)
 Metaspace       used 71873K, committed 72512K, reserved 1114112K
  class space    used 9781K, committed 10048K, reserved 1048576K
}
Event: 620.802 GC heap before
{Heap before GC invocations=30 (full 5):
 garbage-first heap   total 90112K, used 35261K [0x0000000702800000, 0x0000000800000000)
  region size 2048K, 7 young (14336K), 4 survivors (8192K)
 Metaspace       used 71942K, committed 72576K, reserved 1114112K
  class space    used 9788K, committed 10048K, reserved 1048576K
}
Event: 620.827 GC heap after
{Heap after GC invocations=31 (full 6):
 garbage-first heap   total 90112K, used 25826K [0x0000000702800000, 0x0000000800000000)
  region size 2048K, 0 young (0K), 0 survivors (0K)
 Metaspace       used 71939K, committed 72576K, reserved 1114112K
  class space    used 9788K, committed 10048K, reserved 1048576K
}
Event: 621.106 GC heap before
{Heap before GC invocations=31 (full 6):
 garbage-first heap   total 90112K, used 74978K [0x0000000702800000, 0x0000000800000000)
  region size 2048K, 25 young (51200K), 0 survivors (0K)
 Metaspace       used 72146K, committed 72768K, reserved 1114112K
  class space    used 9803K, committed 10048K, reserved 1048576K
}
Event: 621.108 GC heap after
{Heap after GC invocations=32 (full 6):
 garbage-first heap   total 90112K, used 30229K [0x0000000702800000, 0x0000000800000000)
  region size 2048K, 3 young (6144K), 3 survivors (6144K)
 Metaspace       used 72146K, committed 72768K, reserved 1114112K
  class space    used 9803K, committed 10048K, reserved 1048576K
}
Event: 627.719 GC heap before
{Heap before GC invocations=32 (full 6):
 garbage-first heap   total 90112K, used 48661K [0x0000000702800000, 0x0000000800000000)
  region size 2048K, 13 young (26624K), 3 survivors (6144K)
 Metaspace       used 72170K, committed 72832K, reserved 1114112K
  class space    used 9806K, committed 10048K, reserved 1048576K
}
Event: 627.741 GC heap after
{Heap after GC invocations=33 (full 7):
 garbage-first heap   total 90112K, used 25062K [0x0000000702800000, 0x0000000800000000)
  region size 2048K, 0 young (0K), 0 survivors (0K)
 Metaspace       used 72152K, committed 72832K, reserved 1114112K
  class space    used 9801K, committed 10048K, reserved 1048576K
}
Event: 628.032 GC heap before
{Heap before GC invocations=33 (full 7):
 garbage-first heap   total 90112K, used 74214K [0x0000000702800000, 0x0000000800000000)
  region size 2048K, 24 young (49152K), 0 survivors (0K)
 Metaspace       used 72336K, committed 72960K, reserved 1114112K
  class space    used 9816K, committed 10048K, reserved 1048576K
}
Event: 628.034 GC heap after
{Heap after GC invocations=34 (full 7):
 garbage-first heap   total 90112K, used 29330K [0x0000000702800000, 0x0000000800000000)
  region size 2048K, 3 young (6144K), 3 survivors (6144K)
 Metaspace       used 72336K, committed 72960K, reserved 1114112K
  class space    used 9816K, committed 10048K, reserved 1048576K
}
Event: 649.970 GC heap before
{Heap before GC invocations=34 (full 7):
 garbage-first heap   total 90112K, used 49810K [0x0000000702800000, 0x0000000800000000)
  region size 2048K, 14 young (28672K), 3 survivors (6144K)
 Metaspace       used 72378K, committed 73088K, reserved 1114112K
  class space    used 9819K, committed 10112K, reserved 1048576K
}
Event: 649.993 GC heap after
{Heap after GC invocations=35 (full 8):
 garbage-first heap   total 90112K, used 25243K [0x0000000702800000, 0x0000000800000000)
  region size 2048K, 0 young (0K), 0 survivors (0K)
 Metaspace       used 72375K, committed 73088K, reserved 1114112K
  class space    used 9819K, committed 10112K, reserved 1048576K
}
Event: 650.245 GC heap before
{Heap before GC invocations=35 (full 8):
 garbage-first heap   total 90112K, used 72347K [0x0000000702800000, 0x0000000800000000)
  region size 2048K, 24 young (49152K), 0 survivors (0K)
 Metaspace       used 72553K, committed 73280K, reserved 1114112K
  class space    used 9832K, committed 10112K, reserved 1048576K
}
Event: 650.247 GC heap after
{Heap after GC invocations=36 (full 8):
 garbage-first heap   total 90112K, used 29499K [0x0000000702800000, 0x0000000800000000)
  region size 2048K, 3 young (6144K), 3 survivors (6144K)
 Metaspace       used 72553K, committed 73280K, reserved 1114112K
  class space    used 9832K, committed 10112K, reserved 1048576K
}
Event: 1026.033 GC heap before
{Heap before GC invocations=36 (full 8):
 garbage-first heap   total 90112K, used 58171K [0x0000000702800000, 0x0000000800000000)
  region size 2048K, 18 young (36864K), 3 survivors (6144K)
 Metaspace       used 72663K, committed 73344K, reserved 1114112K
  class space    used 9851K, committed 10112K, reserved 1048576K
}
Event: 1026.058 GC heap after
{Heap after GC invocations=37 (full 9):
 garbage-first heap   total 90112K, used 26139K [0x0000000702800000, 0x0000000800000000)
  region size 2048K, 0 young (0K), 0 survivors (0K)
 Metaspace       used 72660K, committed 73344K, reserved 1114112K
  class space    used 9851K, committed 10112K, reserved 1048576K
}
Event: 1026.310 GC heap before
{Heap before GC invocations=37 (full 9):
 garbage-first heap   total 90112K, used 73243K [0x0000000702800000, 0x0000000800000000)
  region size 2048K, 23 young (47104K), 0 survivors (0K)
 Metaspace       used 72813K, committed 73536K, reserved 1114112K
  class space    used 9864K, committed 10176K, reserved 1048576K
}
Event: 1026.312 GC heap after
{Heap after GC invocations=38 (full 9):
 garbage-first heap   total 90112K, used 30134K [0x0000000702800000, 0x0000000800000000)
  region size 2048K, 2 young (4096K), 2 survivors (4096K)
 Metaspace       used 72813K, committed 73536K, reserved 1114112K
  class space    used 9864K, committed 10176K, reserved 1048576K
}

